<?xml version="1.0" encoding="UTF-8" ?>
<testsuite tests="3" failures="0" name="com.writecode.demo.palindrome.AppTest" time="0.004" errors="0" skipped="0">
  <properties>
[...]
</properties>
  <testcase classname="com.writecode.demo.palindrome.AppTest" name="isNotPalindromeExceptionTest" time="0.004"/>
  <testcase classname="com.writecode.demo.palindrome.AppTest" name="isNotPalindromeTest" time="0"/>
  <testcase classname="com.writecode.demo.palindrome.AppTest" name="isPalindromeTest" time="0"/>
</testsuite>